{"C:\\Users\\USER\\READY\\prueba.js": {"path":"C:\\Users\\USER\\READY\\prueba.js","all":false,"statementMap":{"0":{"start":{"line":1,"column":0},"end":{"line":1,"column":23}},"1":{"start":{"line":2,"column":0},"end":{"line":2,"column":18}},"2":{"start":{"line":3,"column":0},"end":{"line":3,"column":13}},"3":{"start":{"line":4,"column":0},"end":{"line":4,"column":3}},"4":{"start":{"line":5,"column":0},"end":{"line":5,"column":2}},"5":{"start":{"line":6,"column":0},"end":{"line":6,"column":0}},"6":{"start":{"line":7,"column":0},"end":{"line":7,"column":22}}},"s":{"0":1,"1":1,"2":1,"3":1,"4":1,"5":1,"6":1},"branchMap":{"0":{"type":"branch","line":1,"loc":{"start":{"line":1,"column":14},"end":{"line":5,"column":2}},"locations":[{"start":{"line":1,"column":14},"end":{"line":5,"column":2}}]}},"b":{"0":[1]},"fnMap":{"0":{"name":"casa","decl":{"start":{"line":1,"column":14},"end":{"line":5,"column":2}},"loc":{"start":{"line":1,"column":14},"end":{"line":5,"column":2}},"line":1}},"f":{"0":1}}
}
